#! /c/Source/iverilog-install/bin/vvp
:ivl_version "12.0 (devel)" "(s20150603-1539-g2693dd32b)";
:ivl_delay_selection "TYPICAL";
:vpi_time_precision - 12;
:vpi_module "C:\iverilog\lib\ivl\system.vpi";
:vpi_module "C:\iverilog\lib\ivl\vhdl_sys.vpi";
:vpi_module "C:\iverilog\lib\ivl\vhdl_textio.vpi";
:vpi_module "C:\iverilog\lib\ivl\v2005_math.vpi";
:vpi_module "C:\iverilog\lib\ivl\va_math.vpi";
S_000002582fcdf320 .scope module, "tb_link_top" "tb_link_top" 2 2;
 .timescale -9 -12;
v000002582fd56c40_0 .var "clk", 0 0;
v000002582fd56ce0_0 .net "done", 0 0, v000002582fcf71d0_0;  1 drivers
v000002582fd56d80_0 .var "rst", 0 0;
S_000002582fce0690 .scope module, "dut" "link_top" 2 7, 3 1 0, S_000002582fcdf320;
 .timescale -9 -12;
    .port_info 0 /INPUT 1 "clk";
    .port_info 1 /INPUT 1 "rst";
    .port_info 2 /OUTPUT 1 "done";
v000002582fd569c0_0 .net "ack", 0 0, v000002582fd56560_0;  1 drivers
v000002582fd56e20_0 .net "clk", 0 0, v000002582fd56c40_0;  1 drivers
v000002582fd56b00_0 .net "data", 7 0, v000002582fdaaf30_0;  1 drivers
v000002582fd56ba0_0 .net "done", 0 0, v000002582fcf71d0_0;  alias, 1 drivers
v000002582fd56420_0 .net "last_byte", 7 0, v000002582fd56a60_0;  1 drivers
v000002582fd566a0_0 .net "req", 0 0, v000002582fd01f70_0;  1 drivers
v000002582fd564c0_0 .net "rst", 0 0, v000002582fd56d80_0;  1 drivers
S_000002582fce0820 .scope module, "master" "master_fsm" 3 11, 4 1 0, S_000002582fce0690;
 .timescale -9 -12;
    .port_info 0 /INPUT 1 "clk";
    .port_info 1 /INPUT 1 "rst";
    .port_info 2 /INPUT 1 "ack";
    .port_info 3 /OUTPUT 1 "req";
    .port_info 4 /OUTPUT 8 "data";
    .port_info 5 /OUTPUT 1 "done";
P_000002582fcf7040 .param/l "M_DONE" 1 4 24, C4<101>;
P_000002582fcf7078 .param/l "M_DROP_REQ" 1 4 22, C4<011>;
P_000002582fcf70b0 .param/l "M_IDLE" 1 4 19, C4<000>;
P_000002582fcf70e8 .param/l "M_REQ" 1 4 20, C4<001>;
P_000002582fcf7120 .param/l "M_WAIT_ACK" 1 4 21, C4<010>;
P_000002582fcf7158 .param/l "M_WAIT_ACK_LOW" 1 4 23, C4<100>;
P_000002582fcf7190 .param/l "NUM_BYTES" 0 4 9, +C4<00000000000000000000000000000100>;
v000002582fcdf5e0_0 .net "ack", 0 0, v000002582fd56560_0;  alias, 1 drivers
v000002582fcdd5b0 .array "bytes", 3 0, 7 0;
v000002582fce5260_0 .net "clk", 0 0, v000002582fd56c40_0;  alias, 1 drivers
v000002582fdaaf30_0 .var "data", 7 0;
v000002582fce09b0_0 .var "data_comb", 7 0;
v000002582fcf71d0_0 .var "done", 0 0;
v000002582fcf7270_0 .var "done_comb", 0 0;
v000002582fcf7310_0 .var/i "idx", 31 0;
v000002582fcf73b0_0 .var/i "next_idx", 31 0;
v000002582fd01ed0_0 .var "next_state", 2 0;
v000002582fd01f70_0 .var "req", 0 0;
v000002582fd02010_0 .var "req_comb", 0 0;
v000002582fd020b0_0 .net "rst", 0 0, v000002582fd56d80_0;  alias, 1 drivers
v000002582fd56f60_0 .var "state", 2 0;
E_000002582fcd70a0 .event posedge, v000002582fce5260_0;
v000002582fcdd5b0_0 .array/port v000002582fcdd5b0, 0;
v000002582fcdd5b0_1 .array/port v000002582fcdd5b0, 1;
E_000002582fcd7160/0 .event anyedge, v000002582fd56f60_0, v000002582fcf7310_0, v000002582fcdd5b0_0, v000002582fcdd5b0_1;
v000002582fcdd5b0_2 .array/port v000002582fcdd5b0, 2;
v000002582fcdd5b0_3 .array/port v000002582fcdd5b0, 3;
E_000002582fcd7160/1 .event anyedge, v000002582fcdd5b0_2, v000002582fcdd5b0_3, v000002582fcdf5e0_0, v000002582fcf73b0_0;
E_000002582fcd7160 .event/or E_000002582fcd7160/0, E_000002582fcd7160/1;
S_000002582fd02150 .scope module, "slave" "slave_fsm" 3 16, 5 1 0, S_000002582fce0690;
 .timescale -9 -12;
    .port_info 0 /INPUT 1 "clk";
    .port_info 1 /INPUT 1 "rst";
    .port_info 2 /INPUT 1 "req";
    .port_info 3 /INPUT 8 "data_in";
    .port_info 4 /OUTPUT 1 "ack";
    .port_info 5 /OUTPUT 8 "last_byte";
P_000002582fcb2a60 .param/l "S_ACK1" 1 5 10, C4<01>;
P_000002582fcb2a98 .param/l "S_ACK2" 1 5 11, C4<10>;
P_000002582fcb2ad0 .param/l "S_WAIT" 1 5 9, C4<00>;
v000002582fd56560_0 .var "ack", 0 0;
v000002582fd56740_0 .var "ack_comb", 0 0;
v000002582fd56920_0 .net "clk", 0 0, v000002582fd56c40_0;  alias, 1 drivers
v000002582fd57000_0 .net "data_in", 7 0, v000002582fdaaf30_0;  alias, 1 drivers
v000002582fd56a60_0 .var "last_byte", 7 0;
v000002582fd567e0_0 .var "last_byte_comb", 7 0;
v000002582fd56880_0 .var "next_state", 1 0;
v000002582fd562e0_0 .net "req", 0 0, v000002582fd01f70_0;  alias, 1 drivers
v000002582fd56600_0 .net "rst", 0 0, v000002582fd56d80_0;  alias, 1 drivers
v000002582fd56240_0 .var "state", 1 0;
E_000002582fcd7220 .event anyedge, v000002582fd56240_0, v000002582fd56a60_0, v000002582fd01f70_0, v000002582fdaaf30_0;
    .scope S_000002582fce0820;
T_0 ;
    %pushi/vec4 160, 0, 8;
    %ix/load 4, 0, 0;
    %flag_set/imm 4, 0;
    %store/vec4a v000002582fcdd5b0, 4, 0;
    %pushi/vec4 161, 0, 8;
    %ix/load 4, 1, 0;
    %flag_set/imm 4, 0;
    %store/vec4a v000002582fcdd5b0, 4, 0;
    %pushi/vec4 162, 0, 8;
    %ix/load 4, 2, 0;
    %flag_set/imm 4, 0;
    %store/vec4a v000002582fcdd5b0, 4, 0;
    %pushi/vec4 163, 0, 8;
    %ix/load 4, 3, 0;
    %flag_set/imm 4, 0;
    %store/vec4a v000002582fcdd5b0, 4, 0;
    %end;
    .thread T_0;
    .scope S_000002582fce0820;
T_1 ;
    %wait E_000002582fcd70a0;
    %load/vec4 v000002582fd020b0_0;
    %flag_set/vec4 8;
    %jmp/0xz  T_1.0, 8;
    %pushi/vec4 0, 0, 3;
    %assign/vec4 v000002582fd56f60_0, 0;
    %pushi/vec4 0, 0, 32;
    %assign/vec4 v000002582fcf7310_0, 0;
    %pushi/vec4 0, 0, 1;
    %assign/vec4 v000002582fd01f70_0, 0;
    %pushi/vec4 0, 0, 8;
    %assign/vec4 v000002582fdaaf30_0, 0;
    %pushi/vec4 0, 0, 1;
    %assign/vec4 v000002582fcf71d0_0, 0;
    %jmp T_1.1;
T_1.0 ;
    %load/vec4 v000002582fd01ed0_0;
    %assign/vec4 v000002582fd56f60_0, 0;
    %load/vec4 v000002582fcf73b0_0;
    %assign/vec4 v000002582fcf7310_0, 0;
    %load/vec4 v000002582fd01f70_0;
    %assign/vec4 v000002582fd01f70_0, 0;
    %load/vec4 v000002582fdaaf30_0;
    %assign/vec4 v000002582fdaaf30_0, 0;
    %load/vec4 v000002582fcf71d0_0;
    %assign/vec4 v000002582fcf71d0_0, 0;
T_1.1 ;
    %jmp T_1;
    .thread T_1;
    .scope S_000002582fce0820;
T_2 ;
    %wait E_000002582fcd7160;
    %load/vec4 v000002582fd56f60_0;
    %store/vec4 v000002582fd01ed0_0, 0, 3;
    %load/vec4 v000002582fcf7310_0;
    %store/vec4 v000002582fcf73b0_0, 0, 32;
    %pushi/vec4 0, 0, 1;
    %store/vec4 v000002582fd02010_0, 0, 1;
    %pushi/vec4 0, 0, 8;
    %store/vec4 v000002582fce09b0_0, 0, 8;
    %pushi/vec4 0, 0, 1;
    %store/vec4 v000002582fcf7270_0, 0, 1;
    %load/vec4 v000002582fd56f60_0;
    %dup/vec4;
    %pushi/vec4 0, 0, 3;
    %cmp/u;
    %jmp/1 T_2.0, 6;
    %dup/vec4;
    %pushi/vec4 1, 0, 3;
    %cmp/u;
    %jmp/1 T_2.1, 6;
    %dup/vec4;
    %pushi/vec4 2, 0, 3;
    %cmp/u;
    %jmp/1 T_2.2, 6;
    %dup/vec4;
    %pushi/vec4 3, 0, 3;
    %cmp/u;
    %jmp/1 T_2.3, 6;
    %dup/vec4;
    %pushi/vec4 4, 0, 3;
    %cmp/u;
    %jmp/1 T_2.4, 6;
    %dup/vec4;
    %pushi/vec4 5, 0, 3;
    %cmp/u;
    %jmp/1 T_2.5, 6;
    %pushi/vec4 0, 0, 3;
    %store/vec4 v000002582fd01ed0_0, 0, 3;
    %jmp T_2.7;
T_2.0 ;
    %pushi/vec4 1, 0, 3;
    %store/vec4 v000002582fd01ed0_0, 0, 3;
    %pushi/vec4 0, 0, 32;
    %store/vec4 v000002582fcf73b0_0, 0, 32;
    %jmp T_2.7;
T_2.1 ;
    %pushi/vec4 1, 0, 1;
    %store/vec4 v000002582fd02010_0, 0, 1;
    %ix/getv/s 4, v000002582fcf7310_0;
    %load/vec4a v000002582fcdd5b0, 4;
    %store/vec4 v000002582fce09b0_0, 0, 8;
    %pushi/vec4 2, 0, 3;
    %store/vec4 v000002582fd01ed0_0, 0, 3;
    %jmp T_2.7;
T_2.2 ;
    %pushi/vec4 1, 0, 1;
    %store/vec4 v000002582fd02010_0, 0, 1;
    %ix/getv/s 4, v000002582fcf7310_0;
    %load/vec4a v000002582fcdd5b0, 4;
    %store/vec4 v000002582fce09b0_0, 0, 8;
    %load/vec4 v000002582fcdf5e0_0;
    %flag_set/vec4 8;
    %jmp/0xz  T_2.8, 8;
    %pushi/vec4 3, 0, 3;
    %store/vec4 v000002582fd01ed0_0, 0, 3;
    %load/vec4 v000002582fcf7310_0;
    %store/vec4 v000002582fcf73b0_0, 0, 32;
    %jmp T_2.9;
T_2.8 ;
    %pushi/vec4 2, 0, 3;
    %store/vec4 v000002582fd01ed0_0, 0, 3;
T_2.9 ;
    %jmp T_2.7;
T_2.3 ;
    %pushi/vec4 0, 0, 1;
    %store/vec4 v000002582fd02010_0, 0, 1;
    %ix/getv/s 4, v000002582fcf7310_0;
    %load/vec4a v000002582fcdd5b0, 4;
    %store/vec4 v000002582fce09b0_0, 0, 8;
    %pushi/vec4 4, 0, 3;
    %store/vec4 v000002582fd01ed0_0, 0, 3;
    %load/vec4 v000002582fcf7310_0;
    %addi 1, 0, 32;
    %store/vec4 v000002582fcf73b0_0, 0, 32;
    %jmp T_2.7;
T_2.4 ;
    %pushi/vec4 0, 0, 1;
    %store/vec4 v000002582fd02010_0, 0, 1;
    %load/vec4 v000002582fcdf5e0_0;
    %nor/r;
    %flag_set/vec4 8;
    %jmp/0xz  T_2.10, 8;
    %load/vec4 v000002582fcf73b0_0;
    %cmpi/s 4, 0, 32;
    %flag_inv 5; GE is !LT
    %jmp/0xz  T_2.12, 5;
    %pushi/vec4 5, 0, 3;
    %store/vec4 v000002582fd01ed0_0, 0, 3;
    %jmp T_2.13;
T_2.12 ;
    %pushi/vec4 1, 0, 3;
    %store/vec4 v000002582fd01ed0_0, 0, 3;
T_2.13 ;
    %jmp T_2.11;
T_2.10 ;
    %pushi/vec4 4, 0, 3;
    %store/vec4 v000002582fd01ed0_0, 0, 3;
T_2.11 ;
    %jmp T_2.7;
T_2.5 ;
    %pushi/vec4 1, 0, 1;
    %store/vec4 v000002582fcf7270_0, 0, 1;
    %pushi/vec4 5, 0, 3;
    %store/vec4 v000002582fd01ed0_0, 0, 3;
    %jmp T_2.7;
T_2.7 ;
    %pop/vec4 1;
    %jmp T_2;
    .thread T_2, $push;
    .scope S_000002582fce0820;
T_3 ;
    %wait E_000002582fcd70a0;
    %load/vec4 v000002582fd020b0_0;
    %flag_set/vec4 8;
    %jmp/0xz  T_3.0, 8;
    %pushi/vec4 0, 0, 1;
    %assign/vec4 v000002582fd01f70_0, 0;
    %pushi/vec4 0, 0, 8;
    %assign/vec4 v000002582fdaaf30_0, 0;
    %pushi/vec4 0, 0, 1;
    %assign/vec4 v000002582fcf71d0_0, 0;
    %jmp T_3.1;
T_3.0 ;
    %load/vec4 v000002582fd02010_0;
    %assign/vec4 v000002582fd01f70_0, 0;
    %load/vec4 v000002582fce09b0_0;
    %assign/vec4 v000002582fdaaf30_0, 0;
    %load/vec4 v000002582fcf7270_0;
    %assign/vec4 v000002582fcf71d0_0, 0;
T_3.1 ;
    %jmp T_3;
    .thread T_3;
    .scope S_000002582fd02150;
T_4 ;
    %wait E_000002582fcd70a0;
    %load/vec4 v000002582fd56600_0;
    %flag_set/vec4 8;
    %jmp/0xz  T_4.0, 8;
    %pushi/vec4 0, 0, 2;
    %assign/vec4 v000002582fd56240_0, 0;
    %pushi/vec4 0, 0, 1;
    %assign/vec4 v000002582fd56560_0, 0;
    %pushi/vec4 0, 0, 8;
    %assign/vec4 v000002582fd56a60_0, 0;
    %jmp T_4.1;
T_4.0 ;
    %load/vec4 v000002582fd56880_0;
    %assign/vec4 v000002582fd56240_0, 0;
    %load/vec4 v000002582fd56560_0;
    %assign/vec4 v000002582fd56560_0, 0;
    %load/vec4 v000002582fd56a60_0;
    %assign/vec4 v000002582fd56a60_0, 0;
T_4.1 ;
    %jmp T_4;
    .thread T_4;
    .scope S_000002582fd02150;
T_5 ;
    %wait E_000002582fcd7220;
    %load/vec4 v000002582fd56240_0;
    %store/vec4 v000002582fd56880_0, 0, 2;
    %pushi/vec4 0, 0, 1;
    %store/vec4 v000002582fd56740_0, 0, 1;
    %load/vec4 v000002582fd56a60_0;
    %store/vec4 v000002582fd567e0_0, 0, 8;
    %load/vec4 v000002582fd56240_0;
    %dup/vec4;
    %pushi/vec4 0, 0, 2;
    %cmp/u;
    %jmp/1 T_5.0, 6;
    %dup/vec4;
    %pushi/vec4 1, 0, 2;
    %cmp/u;
    %jmp/1 T_5.1, 6;
    %dup/vec4;
    %pushi/vec4 2, 0, 2;
    %cmp/u;
    %jmp/1 T_5.2, 6;
    %pushi/vec4 0, 0, 1;
    %store/vec4 v000002582fd56740_0, 0, 1;
    %pushi/vec4 0, 0, 2;
    %store/vec4 v000002582fd56880_0, 0, 2;
    %jmp T_5.4;
T_5.0 ;
    %pushi/vec4 0, 0, 1;
    %store/vec4 v000002582fd56740_0, 0, 1;
    %load/vec4 v000002582fd562e0_0;
    %flag_set/vec4 8;
    %jmp/0xz  T_5.5, 8;
    %load/vec4 v000002582fd57000_0;
    %store/vec4 v000002582fd567e0_0, 0, 8;
    %pushi/vec4 1, 0, 2;
    %store/vec4 v000002582fd56880_0, 0, 2;
    %jmp T_5.6;
T_5.5 ;
    %pushi/vec4 0, 0, 2;
    %store/vec4 v000002582fd56880_0, 0, 2;
T_5.6 ;
    %jmp T_5.4;
T_5.1 ;
    %pushi/vec4 1, 0, 1;
    %store/vec4 v000002582fd56740_0, 0, 1;
    %pushi/vec4 2, 0, 2;
    %store/vec4 v000002582fd56880_0, 0, 2;
    %jmp T_5.4;
T_5.2 ;
    %pushi/vec4 1, 0, 1;
    %store/vec4 v000002582fd56740_0, 0, 1;
    %pushi/vec4 0, 0, 2;
    %store/vec4 v000002582fd56880_0, 0, 2;
    %jmp T_5.4;
T_5.4 ;
    %pop/vec4 1;
    %jmp T_5;
    .thread T_5, $push;
    .scope S_000002582fd02150;
T_6 ;
    %wait E_000002582fcd70a0;
    %load/vec4 v000002582fd56600_0;
    %flag_set/vec4 8;
    %jmp/0xz  T_6.0, 8;
    %pushi/vec4 0, 0, 1;
    %assign/vec4 v000002582fd56560_0, 0;
    %pushi/vec4 0, 0, 8;
    %assign/vec4 v000002582fd56a60_0, 0;
    %jmp T_6.1;
T_6.0 ;
    %load/vec4 v000002582fd56740_0;
    %assign/vec4 v000002582fd56560_0, 0;
    %load/vec4 v000002582fd567e0_0;
    %assign/vec4 v000002582fd56a60_0, 0;
T_6.1 ;
    %jmp T_6;
    .thread T_6;
    .scope S_000002582fcdf320;
T_7 ;
    %pushi/vec4 0, 0, 1;
    %store/vec4 v000002582fd56c40_0, 0, 1;
    %pushi/vec4 0, 0, 1;
    %store/vec4 v000002582fd56d80_0, 0, 1;
    %end;
    .thread T_7;
    .scope S_000002582fcdf320;
T_8 ;
    %delay 5000, 0;
    %load/vec4 v000002582fd56c40_0;
    %inv;
    %store/vec4 v000002582fd56c40_0, 0, 1;
    %jmp T_8;
    .thread T_8;
    .scope S_000002582fcdf320;
T_9 ;
    %vpi_call 2 12 "$dumpfile", "dump.vcd" {0 0 0};
    %vpi_call 2 13 "$dumpvars", 32'sb00000000000000000000000000000000, S_000002582fcdf320 {0 0 0};
    %pushi/vec4 1, 0, 1;
    %store/vec4 v000002582fd56d80_0, 0, 1;
    %wait E_000002582fcd70a0;
    %wait E_000002582fcd70a0;
    %pushi/vec4 0, 0, 1;
    %store/vec4 v000002582fd56d80_0, 0, 1;
    %vpi_call 2 20 "$display", "time req ack data last_byte done" {0 0 0};
    %pushi/vec4 200, 0, 32;
T_9.0 %dup/vec4;
    %pushi/vec4 0, 0, 32;
    %cmp/s;
    %jmp/1xz T_9.1, 5;
    %jmp/1 T_9.1, 4;
    %pushi/vec4 1, 0, 32;
    %sub;
    %wait E_000002582fcd70a0;
    %vpi_call 2 23 "$display", "%0t %b   %b   %02h   %02h        %b", $time, v000002582fd01f70_0, v000002582fd56560_0, v000002582fdaaf30_0, v000002582fd56a60_0, v000002582fd56ce0_0 {0 0 0};
    %load/vec4 v000002582fd56ce0_0;
    %flag_set/vec4 8;
    %jmp/0xz  T_9.2, 8;
    %vpi_call 2 31 "$display", "Done observed at time %0t", $time {0 0 0};
    %wait E_000002582fcd70a0;
    %vpi_call 2 33 "$finish" {0 0 0};
T_9.2 ;
    %jmp T_9.0;
T_9.1 ;
    %pop/vec4 1;
    %vpi_call 2 36 "$finish" {0 0 0};
    %end;
    .thread T_9;
# The file index is used to find the file name in the following table.
:file_names 6;
    "N/A";
    "<interactive>";
    "tb_link_top.v";
    "link_top.v";
    "master_fsm.v";
    "slave_fsm.v";
