#! /c/Source/iverilog-install/bin/vvp
:ivl_version "12.0 (devel)" "(s20150603-1539-g2693dd32b)";
:ivl_delay_selection "TYPICAL";
:vpi_time_precision - 12;
:vpi_module "C:\iverilog\lib\ivl\system.vpi";
:vpi_module "C:\iverilog\lib\ivl\vhdl_sys.vpi";
:vpi_module "C:\iverilog\lib\ivl\vhdl_textio.vpi";
:vpi_module "C:\iverilog\lib\ivl\v2005_math.vpi";
:vpi_module "C:\iverilog\lib\ivl\va_math.vpi";
S_000001fb8aa8aa40 .scope module, "tb_seq_detect_mealy" "tb_seq_detect_mealy" 2 2;
 .timescale -9 -12;
v000001fb8aaa2c40_0 .var "clk", 0 0;
v000001fb8aaa2ce0_0 .var "din", 0 0;
v000001fb8aaa2d80_0 .var/i "i", 31 0;
v000001fb8aaa2e20_0 .var "rst", 0 0;
v000001fb8ab28010_0 .var "stream", 10 0;
v000001fb8ab280b0_0 .net "y", 0 0, v000001fb8aaa2b00_0;  1 drivers
S_000001fb8aa8ad60 .scope module, "dut" "seq_detect_mealy" 2 11, 3 1 0, S_000001fb8aa8aa40;
 .timescale -9 -12;
    .port_info 0 /INPUT 1 "clk";
    .port_info 1 /INPUT 1 "rst";
    .port_info 2 /INPUT 1 "din";
    .port_info 3 /OUTPUT 1 "y";
P_000001fb8aa8aef0 .param/l "S_A" 1 3 8, C4<00>;
P_000001fb8aa8af28 .param/l "S_B" 1 3 9, C4<01>;
P_000001fb8aa8af60 .param/l "S_C" 1 3 10, C4<10>;
P_000001fb8aa8af98 .param/l "S_D" 1 3 11, C4<11>;
v000001fb8aa8a560_0 .net "clk", 0 0, v000001fb8aaa2c40_0;  1 drivers
v000001fb8aa8a600_0 .net "din", 0 0, v000001fb8aaa2ce0_0;  1 drivers
v000001fb8aa8a6a0_0 .var "next_state", 1 0;
v000001fb8aa8a740_0 .net "rst", 0 0, v000001fb8aaa2e20_0;  1 drivers
v000001fb8aaa2a60_0 .var "state", 1 0;
v000001fb8aaa2b00_0 .var "y", 0 0;
v000001fb8aaa2ba0_0 .var "y_next", 0 0;
E_000001fb8aae0380 .event anyedge, v000001fb8aaa2a60_0, v000001fb8aa8a600_0;
E_000001fb8aae0ac0 .event posedge, v000001fb8aa8a560_0;
    .scope S_000001fb8aa8ad60;
T_0 ;
    %wait E_000001fb8aae0ac0;
    %load/vec4 v000001fb8aa8a740_0;
    %flag_set/vec4 8;
    %jmp/0xz  T_0.0, 8;
    %pushi/vec4 0, 0, 2;
    %assign/vec4 v000001fb8aaa2a60_0, 0;
    %pushi/vec4 0, 0, 1;
    %assign/vec4 v000001fb8aaa2b00_0, 0;
    %jmp T_0.1;
T_0.0 ;
    %load/vec4 v000001fb8aa8a6a0_0;
    %assign/vec4 v000001fb8aaa2a60_0, 0;
    %load/vec4 v000001fb8aaa2ba0_0;
    %assign/vec4 v000001fb8aaa2b00_0, 0;
T_0.1 ;
    %jmp T_0;
    .thread T_0;
    .scope S_000001fb8aa8ad60;
T_1 ;
    %wait E_000001fb8aae0380;
    %load/vec4 v000001fb8aaa2a60_0;
    %store/vec4 v000001fb8aa8a6a0_0, 0, 2;
    %pushi/vec4 0, 0, 1;
    %store/vec4 v000001fb8aaa2ba0_0, 0, 1;
    %load/vec4 v000001fb8aaa2a60_0;
    %dup/vec4;
    %pushi/vec4 0, 0, 2;
    %cmp/u;
    %jmp/1 T_1.0, 6;
    %dup/vec4;
    %pushi/vec4 1, 0, 2;
    %cmp/u;
    %jmp/1 T_1.1, 6;
    %dup/vec4;
    %pushi/vec4 2, 0, 2;
    %cmp/u;
    %jmp/1 T_1.2, 6;
    %dup/vec4;
    %pushi/vec4 3, 0, 2;
    %cmp/u;
    %jmp/1 T_1.3, 6;
    %pushi/vec4 0, 0, 2;
    %store/vec4 v000001fb8aa8a6a0_0, 0, 2;
    %pushi/vec4 0, 0, 1;
    %store/vec4 v000001fb8aaa2ba0_0, 0, 1;
    %jmp T_1.5;
T_1.0 ;
    %load/vec4 v000001fb8aa8a600_0;
    %flag_set/vec4 8;
    %jmp/0xz  T_1.6, 8;
    %pushi/vec4 1, 0, 2;
    %store/vec4 v000001fb8aa8a6a0_0, 0, 2;
    %jmp T_1.7;
T_1.6 ;
    %pushi/vec4 0, 0, 2;
    %store/vec4 v000001fb8aa8a6a0_0, 0, 2;
T_1.7 ;
    %jmp T_1.5;
T_1.1 ;
    %load/vec4 v000001fb8aa8a600_0;
    %flag_set/vec4 8;
    %jmp/0xz  T_1.8, 8;
    %pushi/vec4 2, 0, 2;
    %store/vec4 v000001fb8aa8a6a0_0, 0, 2;
    %jmp T_1.9;
T_1.8 ;
    %pushi/vec4 0, 0, 2;
    %store/vec4 v000001fb8aa8a6a0_0, 0, 2;
T_1.9 ;
    %jmp T_1.5;
T_1.2 ;
    %load/vec4 v000001fb8aa8a600_0;
    %flag_set/vec4 8;
    %jmp/0xz  T_1.10, 8;
    %pushi/vec4 3, 0, 2;
    %store/vec4 v000001fb8aa8a6a0_0, 0, 2;
    %jmp T_1.11;
T_1.10 ;
    %pushi/vec4 0, 0, 2;
    %store/vec4 v000001fb8aa8a6a0_0, 0, 2;
T_1.11 ;
    %jmp T_1.5;
T_1.3 ;
    %load/vec4 v000001fb8aa8a600_0;
    %flag_set/vec4 8;
    %jmp/0xz  T_1.12, 8;
    %pushi/vec4 1, 0, 1;
    %store/vec4 v000001fb8aaa2ba0_0, 0, 1;
    %pushi/vec4 1, 0, 2;
    %store/vec4 v000001fb8aa8a6a0_0, 0, 2;
    %jmp T_1.13;
T_1.12 ;
    %pushi/vec4 0, 0, 2;
    %store/vec4 v000001fb8aa8a6a0_0, 0, 2;
T_1.13 ;
    %jmp T_1.5;
T_1.5 ;
    %pop/vec4 1;
    %jmp T_1;
    .thread T_1, $push;
    .scope S_000001fb8aa8aa40;
T_2 ;
    %pushi/vec4 0, 0, 1;
    %store/vec4 v000001fb8aaa2c40_0, 0, 1;
    %pushi/vec4 0, 0, 1;
    %store/vec4 v000001fb8aaa2e20_0, 0, 1;
    %pushi/vec4 0, 0, 1;
    %store/vec4 v000001fb8aaa2ce0_0, 0, 1;
    %end;
    .thread T_2;
    .scope S_000001fb8aa8aa40;
T_3 ;
    %delay 5000, 0;
    %load/vec4 v000001fb8aaa2c40_0;
    %inv;
    %store/vec4 v000001fb8aaa2c40_0, 0, 1;
    %jmp T_3;
    .thread T_3;
    .scope S_000001fb8aa8aa40;
T_4 ;
    %vpi_call 2 21 "$dumpfile", "dump.vcd" {0 0 0};
    %vpi_call 2 22 "$dumpvars", 32'sb00000000000000000000000000000000, S_000001fb8aa8aa40 {0 0 0};
    %pushi/vec4 1, 0, 1;
    %store/vec4 v000001fb8aaa2e20_0, 0, 1;
    %wait E_000001fb8aae0ac0;
    %wait E_000001fb8aae0ac0;
    %pushi/vec4 0, 0, 1;
    %store/vec4 v000001fb8aaa2e20_0, 0, 1;
    %wait E_000001fb8aae0ac0;
    %vpi_call 2 30 "$display", "Time\011clk\011din\011y" {0 0 0};
    %pushi/vec4 1757, 0, 11;
    %store/vec4 v000001fb8ab28010_0, 0, 11;
    %pushi/vec4 10, 0, 32;
    %store/vec4 v000001fb8aaa2d80_0, 0, 32;
T_4.0 ;
    %load/vec4 v000001fb8aaa2d80_0;
    %cmpi/s 0, 0, 32;
    %flag_inv 5; GE is !LT
    %jmp/0xz T_4.1, 5;
    %load/vec4 v000001fb8ab28010_0;
    %load/vec4 v000001fb8aaa2d80_0;
    %part/s 1;
    %store/vec4 v000001fb8aaa2ce0_0, 0, 1;
    %wait E_000001fb8aae0ac0;
    %vpi_call 2 37 "$display", "%0t\011%b\011%b\011%b", $time, v000001fb8aaa2c40_0, v000001fb8aaa2ce0_0, v000001fb8ab280b0_0 {0 0 0};
    %load/vec4 v000001fb8aaa2d80_0;
    %subi 1, 0, 32;
    %store/vec4 v000001fb8aaa2d80_0, 0, 32;
    %jmp T_4.0;
T_4.1 ;
    %pushi/vec4 0, 0, 1;
    %store/vec4 v000001fb8aaa2ce0_0, 0, 1;
    %wait E_000001fb8aae0ac0;
    %wait E_000001fb8aae0ac0;
    %vpi_call 2 43 "$finish" {0 0 0};
    %end;
    .thread T_4;
# The file index is used to find the file name in the following table.
:file_names 4;
    "N/A";
    "<interactive>";
    "tb_seq_detect_mealy.v";
    "seq_detect_mealy.v";
