#! /c/Source/iverilog-install/bin/vvp
:ivl_version "12.0 (devel)" "(s20150603-1539-g2693dd32b)";
:ivl_delay_selection "TYPICAL";
:vpi_time_precision - 12;
:vpi_module "C:\iverilog\lib\ivl\system.vpi";
:vpi_module "C:\iverilog\lib\ivl\vhdl_sys.vpi";
:vpi_module "C:\iverilog\lib\ivl\vhdl_textio.vpi";
:vpi_module "C:\iverilog\lib\ivl\v2005_math.vpi";
:vpi_module "C:\iverilog\lib\ivl\va_math.vpi";
S_0000017cb1966090 .scope module, "tb_vending_mealy" "tb_vending_mealy" 2 2;
 .timescale -9 -12;
v0000017cb1977650_0 .net "chg5", 0 0, v0000017cb196cf00_0;  1 drivers
v0000017cb19776f0_0 .var "clk", 0 0;
v0000017cb1942d80_0 .var "coin", 1 0;
v0000017cb1942e20_0 .net "dispense", 0 0, v0000017cb1977330_0;  1 drivers
v0000017cb1973e40_0 .var "rst", 0 0;
S_0000017cb196cd70 .scope module, "dut" "vending_mealy" 2 9, 3 1 0, S_0000017cb1966090;
 .timescale -9 -12;
    .port_info 0 /INPUT 1 "clk";
    .port_info 1 /INPUT 1 "rst";
    .port_info 2 /INPUT 2 "coin";
    .port_info 3 /OUTPUT 1 "dispense";
    .port_info 4 /OUTPUT 1 "chg5";
P_0000017cb1982ed0 .param/l "T0" 1 3 9, C4<00>;
P_0000017cb1982f08 .param/l "T10" 1 3 11, C4<10>;
P_0000017cb1982f40 .param/l "T15" 1 3 12, C4<11>;
P_0000017cb1982f78 .param/l "T5" 1 3 10, C4<01>;
v0000017cb196cf00_0 .var "chg5", 0 0;
v0000017cb196cfa0_0 .var "chg5_next", 0 0;
v0000017cb196cad0_0 .net "clk", 0 0, v0000017cb19776f0_0;  1 drivers
v0000017cb196cb70_0 .net "coin", 1 0, v0000017cb1942d80_0;  1 drivers
v0000017cb1977330_0 .var "dispense", 0 0;
v0000017cb19773d0_0 .var "dispense_next", 0 0;
v0000017cb1977470_0 .var "next_state", 1 0;
v0000017cb1977510_0 .net "rst", 0 0, v0000017cb1973e40_0;  1 drivers
v0000017cb19775b0_0 .var "state", 1 0;
E_0000017cb196c2d0 .event anyedge, v0000017cb19775b0_0, v0000017cb196cb70_0;
E_0000017cb196c4d0 .event posedge, v0000017cb196cad0_0;
S_0000017cb1942a60 .scope task, "put10" "put10" 2 23, 2 23 0, S_0000017cb1966090;
 .timescale -9 -12;
TD_tb_vending_mealy.put10 ;
    %pushi/vec4 2, 0, 2;
    %store/vec4 v0000017cb1942d80_0, 0, 2;
    %wait E_0000017cb196c4d0;
    %pushi/vec4 0, 0, 2;
    %store/vec4 v0000017cb1942d80_0, 0, 2;
    %wait E_0000017cb196c4d0;
    %end;
S_0000017cb1942bf0 .scope task, "put5" "put5" 2 14, 2 14 0, S_0000017cb1966090;
 .timescale -9 -12;
TD_tb_vending_mealy.put5 ;
    %pushi/vec4 1, 0, 2;
    %store/vec4 v0000017cb1942d80_0, 0, 2;
    %wait E_0000017cb196c4d0;
    %pushi/vec4 0, 0, 2;
    %store/vec4 v0000017cb1942d80_0, 0, 2;
    %wait E_0000017cb196c4d0;
    %end;
    .scope S_0000017cb196cd70;
T_2 ;
    %wait E_0000017cb196c4d0;
    %load/vec4 v0000017cb1977510_0;
    %flag_set/vec4 8;
    %jmp/0xz  T_2.0, 8;
    %pushi/vec4 0, 0, 2;
    %assign/vec4 v0000017cb19775b0_0, 0;
    %pushi/vec4 0, 0, 1;
    %assign/vec4 v0000017cb1977330_0, 0;
    %pushi/vec4 0, 0, 1;
    %assign/vec4 v0000017cb196cf00_0, 0;
    %jmp T_2.1;
T_2.0 ;
    %load/vec4 v0000017cb1977470_0;
    %assign/vec4 v0000017cb19775b0_0, 0;
    %load/vec4 v0000017cb19773d0_0;
    %assign/vec4 v0000017cb1977330_0, 0;
    %load/vec4 v0000017cb196cfa0_0;
    %assign/vec4 v0000017cb196cf00_0, 0;
T_2.1 ;
    %jmp T_2;
    .thread T_2;
    .scope S_0000017cb196cd70;
T_3 ;
    %wait E_0000017cb196c2d0;
    %load/vec4 v0000017cb19775b0_0;
    %store/vec4 v0000017cb1977470_0, 0, 2;
    %pushi/vec4 0, 0, 1;
    %store/vec4 v0000017cb19773d0_0, 0, 1;
    %pushi/vec4 0, 0, 1;
    %store/vec4 v0000017cb196cfa0_0, 0, 1;
    %load/vec4 v0000017cb19775b0_0;
    %dup/vec4;
    %pushi/vec4 0, 0, 2;
    %cmp/u;
    %jmp/1 T_3.0, 6;
    %dup/vec4;
    %pushi/vec4 1, 0, 2;
    %cmp/u;
    %jmp/1 T_3.1, 6;
    %dup/vec4;
    %pushi/vec4 2, 0, 2;
    %cmp/u;
    %jmp/1 T_3.2, 6;
    %dup/vec4;
    %pushi/vec4 3, 0, 2;
    %cmp/u;
    %jmp/1 T_3.3, 6;
    %pushi/vec4 0, 0, 2;
    %store/vec4 v0000017cb1977470_0, 0, 2;
    %pushi/vec4 0, 0, 1;
    %store/vec4 v0000017cb19773d0_0, 0, 1;
    %pushi/vec4 0, 0, 1;
    %store/vec4 v0000017cb196cfa0_0, 0, 1;
    %jmp T_3.5;
T_3.0 ;
    %load/vec4 v0000017cb196cb70_0;
    %dup/vec4;
    %pushi/vec4 1, 0, 2;
    %cmp/u;
    %jmp/1 T_3.6, 6;
    %dup/vec4;
    %pushi/vec4 2, 0, 2;
    %cmp/u;
    %jmp/1 T_3.7, 6;
    %pushi/vec4 0, 0, 2;
    %store/vec4 v0000017cb1977470_0, 0, 2;
    %jmp T_3.9;
T_3.6 ;
    %pushi/vec4 1, 0, 2;
    %store/vec4 v0000017cb1977470_0, 0, 2;
    %jmp T_3.9;
T_3.7 ;
    %pushi/vec4 2, 0, 2;
    %store/vec4 v0000017cb1977470_0, 0, 2;
    %jmp T_3.9;
T_3.9 ;
    %pop/vec4 1;
    %jmp T_3.5;
T_3.1 ;
    %load/vec4 v0000017cb196cb70_0;
    %dup/vec4;
    %pushi/vec4 1, 0, 2;
    %cmp/u;
    %jmp/1 T_3.10, 6;
    %dup/vec4;
    %pushi/vec4 2, 0, 2;
    %cmp/u;
    %jmp/1 T_3.11, 6;
    %pushi/vec4 1, 0, 2;
    %store/vec4 v0000017cb1977470_0, 0, 2;
    %jmp T_3.13;
T_3.10 ;
    %pushi/vec4 2, 0, 2;
    %store/vec4 v0000017cb1977470_0, 0, 2;
    %jmp T_3.13;
T_3.11 ;
    %pushi/vec4 3, 0, 2;
    %store/vec4 v0000017cb1977470_0, 0, 2;
    %jmp T_3.13;
T_3.13 ;
    %pop/vec4 1;
    %jmp T_3.5;
T_3.2 ;
    %load/vec4 v0000017cb196cb70_0;
    %dup/vec4;
    %pushi/vec4 1, 0, 2;
    %cmp/u;
    %jmp/1 T_3.14, 6;
    %dup/vec4;
    %pushi/vec4 2, 0, 2;
    %cmp/u;
    %jmp/1 T_3.15, 6;
    %pushi/vec4 2, 0, 2;
    %store/vec4 v0000017cb1977470_0, 0, 2;
    %jmp T_3.17;
T_3.14 ;
    %pushi/vec4 3, 0, 2;
    %store/vec4 v0000017cb1977470_0, 0, 2;
    %jmp T_3.17;
T_3.15 ;
    %pushi/vec4 1, 0, 1;
    %store/vec4 v0000017cb19773d0_0, 0, 1;
    %pushi/vec4 0, 0, 1;
    %store/vec4 v0000017cb196cfa0_0, 0, 1;
    %pushi/vec4 0, 0, 2;
    %store/vec4 v0000017cb1977470_0, 0, 2;
    %jmp T_3.17;
T_3.17 ;
    %pop/vec4 1;
    %jmp T_3.5;
T_3.3 ;
    %load/vec4 v0000017cb196cb70_0;
    %dup/vec4;
    %pushi/vec4 1, 0, 2;
    %cmp/u;
    %jmp/1 T_3.18, 6;
    %dup/vec4;
    %pushi/vec4 2, 0, 2;
    %cmp/u;
    %jmp/1 T_3.19, 6;
    %pushi/vec4 3, 0, 2;
    %store/vec4 v0000017cb1977470_0, 0, 2;
    %jmp T_3.21;
T_3.18 ;
    %pushi/vec4 1, 0, 1;
    %store/vec4 v0000017cb19773d0_0, 0, 1;
    %pushi/vec4 0, 0, 1;
    %store/vec4 v0000017cb196cfa0_0, 0, 1;
    %pushi/vec4 0, 0, 2;
    %store/vec4 v0000017cb1977470_0, 0, 2;
    %jmp T_3.21;
T_3.19 ;
    %pushi/vec4 1, 0, 1;
    %store/vec4 v0000017cb19773d0_0, 0, 1;
    %pushi/vec4 1, 0, 1;
    %store/vec4 v0000017cb196cfa0_0, 0, 1;
    %pushi/vec4 0, 0, 2;
    %store/vec4 v0000017cb1977470_0, 0, 2;
    %jmp T_3.21;
T_3.21 ;
    %pop/vec4 1;
    %jmp T_3.5;
T_3.5 ;
    %pop/vec4 1;
    %jmp T_3;
    .thread T_3, $push;
    .scope S_0000017cb1966090;
T_4 ;
    %pushi/vec4 0, 0, 1;
    %store/vec4 v0000017cb19776f0_0, 0, 1;
    %pushi/vec4 0, 0, 1;
    %store/vec4 v0000017cb1973e40_0, 0, 1;
    %pushi/vec4 0, 0, 2;
    %store/vec4 v0000017cb1942d80_0, 0, 2;
    %end;
    .thread T_4;
    .scope S_0000017cb1966090;
T_5 ;
    %delay 5000, 0;
    %load/vec4 v0000017cb19776f0_0;
    %inv;
    %store/vec4 v0000017cb19776f0_0, 0, 1;
    %jmp T_5;
    .thread T_5;
    .scope S_0000017cb1966090;
T_6 ;
    %vpi_call 2 33 "$dumpfile", "dump.vcd" {0 0 0};
    %vpi_call 2 34 "$dumpvars", 32'sb00000000000000000000000000000000, S_0000017cb1966090 {0 0 0};
    %pushi/vec4 1, 0, 1;
    %store/vec4 v0000017cb1973e40_0, 0, 1;
    %wait E_0000017cb196c4d0;
    %pushi/vec4 0, 0, 1;
    %store/vec4 v0000017cb1973e40_0, 0, 1;
    %wait E_0000017cb196c4d0;
    %vpi_call 2 40 "$display", "Test: 10 + 10 -> dispense only" {0 0 0};
    %fork TD_tb_vending_mealy.put10, S_0000017cb1942a60;
    %join;
    %fork TD_tb_vending_mealy.put10, S_0000017cb1942a60;
    %join;
    %wait E_0000017cb196c4d0;
    %wait E_0000017cb196c4d0;
    %vpi_call 2 44 "$display", "Test: 5 + 5 + 10 -> dispense only" {0 0 0};
    %fork TD_tb_vending_mealy.put5, S_0000017cb1942bf0;
    %join;
    %fork TD_tb_vending_mealy.put5, S_0000017cb1942bf0;
    %join;
    %fork TD_tb_vending_mealy.put10, S_0000017cb1942a60;
    %join;
    %wait E_0000017cb196c4d0;
    %wait E_0000017cb196c4d0;
    %vpi_call 2 48 "$display", "Test: 10 + 5 + 10 -> vend + chg5 (25 total)" {0 0 0};
    %fork TD_tb_vending_mealy.put10, S_0000017cb1942a60;
    %join;
    %fork TD_tb_vending_mealy.put5, S_0000017cb1942bf0;
    %join;
    %fork TD_tb_vending_mealy.put10, S_0000017cb1942a60;
    %join;
    %wait E_0000017cb196c4d0;
    %wait E_0000017cb196c4d0;
    %vpi_call 2 52 "$display", "Done tests" {0 0 0};
    %vpi_call 2 53 "$finish" {0 0 0};
    %end;
    .thread T_6;
# The file index is used to find the file name in the following table.
:file_names 4;
    "N/A";
    "<interactive>";
    "tb_vending_mealy.v";
    "vending_mealy.v";
