#! /c/Source/iverilog-install/bin/vvp
:ivl_version "12.0 (devel)" "(s20150603-1539-g2693dd32b)";
:ivl_delay_selection "TYPICAL";
:vpi_time_precision - 12;
:vpi_module "C:\iverilog\lib\ivl\system.vpi";
:vpi_module "C:\iverilog\lib\ivl\vhdl_sys.vpi";
:vpi_module "C:\iverilog\lib\ivl\vhdl_textio.vpi";
:vpi_module "C:\iverilog\lib\ivl\v2005_math.vpi";
:vpi_module "C:\iverilog\lib\ivl\va_math.vpi";
S_000002cd4922bd20 .scope module, "tb_traffic_light" "tb_traffic_light" 2 2;
 .timescale -9 -12;
v000002cd4929db60_0 .var "clk", 0 0;
v000002cd4929d7a0_0 .net "ew_g", 0 0, v000002cd4922c4a0_0;  1 drivers
v000002cd4929d160_0 .net "ew_r", 0 0, v000002cd4922c040_0;  1 drivers
v000002cd4929dfc0_0 .net "ew_y", 0 0, v000002cd4933df10_0;  1 drivers
v000002cd4929dc00_0 .net "ns_g", 0 0, v000002cd4933e0f0_0;  1 drivers
v000002cd4929d840_0 .net "ns_r", 0 0, v000002cd49234bd0_0;  1 drivers
v000002cd4929da20_0 .net "ns_y", 0 0, v000002cd49234c70_0;  1 drivers
v000002cd4929d8e0_0 .var "rst", 0 0;
v000002cd4929d980_0 .net "tick", 0 0, v000002cd4929d700_0;  1 drivers
S_000002cd4922beb0 .scope module, "dut" "traffic_light" 2 14, 3 1 0, S_000002cd4922bd20;
 .timescale -9 -12;
    .port_info 0 /INPUT 1 "clk";
    .port_info 1 /INPUT 1 "rst";
    .port_info 2 /INPUT 1 "tick";
    .port_info 3 /OUTPUT 1 "ns_g";
    .port_info 4 /OUTPUT 1 "ns_y";
    .port_info 5 /OUTPUT 1 "ns_r";
    .port_info 6 /OUTPUT 1 "ew_g";
    .port_info 7 /OUTPUT 1 "ew_y";
    .port_info 8 /OUTPUT 1 "ew_r";
P_000002cd4933dd40 .param/l "EW_G_T" 0 3 4, +C4<00000000000000000000000000000101>;
P_000002cd4933dd78 .param/l "EW_Y_T" 0 3 5, +C4<00000000000000000000000000000010>;
P_000002cd4933ddb0 .param/l "NS_G_T" 0 3 2, +C4<00000000000000000000000000000101>;
P_000002cd4933dde8 .param/l "NS_Y_T" 0 3 3, +C4<00000000000000000000000000000010>;
P_000002cd4933de20 .param/l "S_EW_G" 1 3 16, C4<10>;
P_000002cd4933de58 .param/l "S_EW_Y" 1 3 17, C4<11>;
P_000002cd4933de90 .param/l "S_NS_G" 1 3 14, C4<00>;
P_000002cd4933dec8 .param/l "S_NS_Y" 1 3 15, C4<01>;
v000002cd49235260_0 .net "clk", 0 0, v000002cd4929db60_0;  1 drivers
v000002cd49202e60_0 .var/i "cnt", 31 0;
v000002cd4922c4a0_0 .var "ew_g", 0 0;
v000002cd4922c040_0 .var "ew_r", 0 0;
v000002cd4933df10_0 .var "ew_y", 0 0;
v000002cd4933dfb0_0 .var/i "next_cnt", 31 0;
v000002cd4933e050_0 .var "next_state", 1 0;
v000002cd4933e0f0_0 .var "ns_g", 0 0;
v000002cd49234bd0_0 .var "ns_r", 0 0;
v000002cd49234c70_0 .var "ns_y", 0 0;
v000002cd49234d10_0 .net "rst", 0 0, v000002cd4929d8e0_0;  1 drivers
v000002cd49234db0_0 .var "state", 1 0;
v000002cd4929d660_0 .net "tick", 0 0, v000002cd4929d700_0;  alias, 1 drivers
E_000002cd4922d550 .event anyedge, v000002cd49234db0_0, v000002cd49202e60_0, v000002cd4929d660_0;
E_000002cd4922ce10 .event posedge, v000002cd49235260_0;
S_000002cd4929e080 .scope module, "presc" "tick_prescaler" 2 8, 4 1 0, S_000002cd4922bd20;
 .timescale -9 -12;
    .port_info 0 /INPUT 1 "clk";
    .port_info 1 /INPUT 1 "rst";
    .port_info 2 /OUTPUT 1 "tick";
P_000002cd4922cf50 .param/l "DIV" 0 4 2, +C4<00000000000000000000000000010100>;
v000002cd4929d340_0 .net "clk", 0 0, v000002cd4929db60_0;  alias, 1 drivers
v000002cd4929d5c0_0 .var "cnt", 31 0;
v000002cd4929d3e0_0 .net "rst", 0 0, v000002cd4929d8e0_0;  alias, 1 drivers
v000002cd4929d700_0 .var "tick", 0 0;
    .scope S_000002cd4929e080;
T_0 ;
    %wait E_000002cd4922ce10;
    %load/vec4 v000002cd4929d3e0_0;
    %flag_set/vec4 8;
    %jmp/0xz  T_0.0, 8;
    %pushi/vec4 0, 0, 32;
    %assign/vec4 v000002cd4929d5c0_0, 0;
    %pushi/vec4 0, 0, 1;
    %assign/vec4 v000002cd4929d700_0, 0;
    %jmp T_0.1;
T_0.0 ;
    %load/vec4 v000002cd4929d5c0_0;
    %cmpi/e 19, 0, 32;
    %jmp/0xz  T_0.2, 4;
    %pushi/vec4 1, 0, 1;
    %assign/vec4 v000002cd4929d700_0, 0;
    %pushi/vec4 0, 0, 32;
    %assign/vec4 v000002cd4929d5c0_0, 0;
    %jmp T_0.3;
T_0.2 ;
    %pushi/vec4 0, 0, 1;
    %assign/vec4 v000002cd4929d700_0, 0;
    %load/vec4 v000002cd4929d5c0_0;
    %addi 1, 0, 32;
    %assign/vec4 v000002cd4929d5c0_0, 0;
T_0.3 ;
T_0.1 ;
    %jmp T_0;
    .thread T_0;
    .scope S_000002cd4922beb0;
T_1 ;
    %wait E_000002cd4922ce10;
    %load/vec4 v000002cd49234d10_0;
    %flag_set/vec4 8;
    %jmp/0xz  T_1.0, 8;
    %pushi/vec4 0, 0, 2;
    %assign/vec4 v000002cd49234db0_0, 0;
    %pushi/vec4 0, 0, 32;
    %assign/vec4 v000002cd49202e60_0, 0;
    %jmp T_1.1;
T_1.0 ;
    %load/vec4 v000002cd4933e050_0;
    %assign/vec4 v000002cd49234db0_0, 0;
    %load/vec4 v000002cd4933dfb0_0;
    %assign/vec4 v000002cd49202e60_0, 0;
T_1.1 ;
    %jmp T_1;
    .thread T_1;
    .scope S_000002cd4922beb0;
T_2 ;
    %wait E_000002cd4922d550;
    %pushi/vec4 0, 0, 1;
    %store/vec4 v000002cd4933e0f0_0, 0, 1;
    %pushi/vec4 0, 0, 1;
    %store/vec4 v000002cd49234c70_0, 0, 1;
    %pushi/vec4 0, 0, 1;
    %store/vec4 v000002cd49234bd0_0, 0, 1;
    %pushi/vec4 0, 0, 1;
    %store/vec4 v000002cd4922c4a0_0, 0, 1;
    %pushi/vec4 0, 0, 1;
    %store/vec4 v000002cd4933df10_0, 0, 1;
    %pushi/vec4 0, 0, 1;
    %store/vec4 v000002cd4922c040_0, 0, 1;
    %load/vec4 v000002cd49234db0_0;
    %store/vec4 v000002cd4933e050_0, 0, 2;
    %load/vec4 v000002cd49202e60_0;
    %store/vec4 v000002cd4933dfb0_0, 0, 32;
    %load/vec4 v000002cd49234db0_0;
    %dup/vec4;
    %pushi/vec4 0, 0, 2;
    %cmp/u;
    %jmp/1 T_2.0, 6;
    %dup/vec4;
    %pushi/vec4 1, 0, 2;
    %cmp/u;
    %jmp/1 T_2.1, 6;
    %dup/vec4;
    %pushi/vec4 2, 0, 2;
    %cmp/u;
    %jmp/1 T_2.2, 6;
    %dup/vec4;
    %pushi/vec4 3, 0, 2;
    %cmp/u;
    %jmp/1 T_2.3, 6;
    %pushi/vec4 0, 0, 2;
    %store/vec4 v000002cd4933e050_0, 0, 2;
    %pushi/vec4 0, 0, 32;
    %store/vec4 v000002cd4933dfb0_0, 0, 32;
    %jmp T_2.5;
T_2.0 ;
    %pushi/vec4 1, 0, 1;
    %store/vec4 v000002cd4933e0f0_0, 0, 1;
    %pushi/vec4 1, 0, 1;
    %store/vec4 v000002cd4922c040_0, 0, 1;
    %load/vec4 v000002cd4929d660_0;
    %flag_set/vec4 8;
    %jmp/0xz  T_2.6, 8;
    %load/vec4 v000002cd49202e60_0;
    %cmpi/e 4, 0, 32;
    %jmp/0xz  T_2.8, 4;
    %pushi/vec4 1, 0, 2;
    %store/vec4 v000002cd4933e050_0, 0, 2;
    %pushi/vec4 0, 0, 32;
    %store/vec4 v000002cd4933dfb0_0, 0, 32;
    %jmp T_2.9;
T_2.8 ;
    %pushi/vec4 0, 0, 2;
    %store/vec4 v000002cd4933e050_0, 0, 2;
    %load/vec4 v000002cd49202e60_0;
    %addi 1, 0, 32;
    %store/vec4 v000002cd4933dfb0_0, 0, 32;
T_2.9 ;
T_2.6 ;
    %jmp T_2.5;
T_2.1 ;
    %pushi/vec4 1, 0, 1;
    %store/vec4 v000002cd49234c70_0, 0, 1;
    %pushi/vec4 1, 0, 1;
    %store/vec4 v000002cd4922c040_0, 0, 1;
    %load/vec4 v000002cd4929d660_0;
    %flag_set/vec4 8;
    %jmp/0xz  T_2.10, 8;
    %load/vec4 v000002cd49202e60_0;
    %cmpi/e 1, 0, 32;
    %jmp/0xz  T_2.12, 4;
    %pushi/vec4 2, 0, 2;
    %store/vec4 v000002cd4933e050_0, 0, 2;
    %pushi/vec4 0, 0, 32;
    %store/vec4 v000002cd4933dfb0_0, 0, 32;
    %jmp T_2.13;
T_2.12 ;
    %pushi/vec4 1, 0, 2;
    %store/vec4 v000002cd4933e050_0, 0, 2;
    %load/vec4 v000002cd49202e60_0;
    %addi 1, 0, 32;
    %store/vec4 v000002cd4933dfb0_0, 0, 32;
T_2.13 ;
T_2.10 ;
    %jmp T_2.5;
T_2.2 ;
    %pushi/vec4 1, 0, 1;
    %store/vec4 v000002cd4922c4a0_0, 0, 1;
    %pushi/vec4 1, 0, 1;
    %store/vec4 v000002cd49234bd0_0, 0, 1;
    %load/vec4 v000002cd4929d660_0;
    %flag_set/vec4 8;
    %jmp/0xz  T_2.14, 8;
    %load/vec4 v000002cd49202e60_0;
    %cmpi/e 4, 0, 32;
    %jmp/0xz  T_2.16, 4;
    %pushi/vec4 3, 0, 2;
    %store/vec4 v000002cd4933e050_0, 0, 2;
    %pushi/vec4 0, 0, 32;
    %store/vec4 v000002cd4933dfb0_0, 0, 32;
    %jmp T_2.17;
T_2.16 ;
    %pushi/vec4 2, 0, 2;
    %store/vec4 v000002cd4933e050_0, 0, 2;
    %load/vec4 v000002cd49202e60_0;
    %addi 1, 0, 32;
    %store/vec4 v000002cd4933dfb0_0, 0, 32;
T_2.17 ;
T_2.14 ;
    %jmp T_2.5;
T_2.3 ;
    %pushi/vec4 1, 0, 1;
    %store/vec4 v000002cd4933df10_0, 0, 1;
    %pushi/vec4 1, 0, 1;
    %store/vec4 v000002cd49234bd0_0, 0, 1;
    %load/vec4 v000002cd4929d660_0;
    %flag_set/vec4 8;
    %jmp/0xz  T_2.18, 8;
    %load/vec4 v000002cd49202e60_0;
    %cmpi/e 1, 0, 32;
    %jmp/0xz  T_2.20, 4;
    %pushi/vec4 0, 0, 2;
    %store/vec4 v000002cd4933e050_0, 0, 2;
    %pushi/vec4 0, 0, 32;
    %store/vec4 v000002cd4933dfb0_0, 0, 32;
    %jmp T_2.21;
T_2.20 ;
    %pushi/vec4 3, 0, 2;
    %store/vec4 v000002cd4933e050_0, 0, 2;
    %load/vec4 v000002cd49202e60_0;
    %addi 1, 0, 32;
    %store/vec4 v000002cd4933dfb0_0, 0, 32;
T_2.21 ;
T_2.18 ;
    %jmp T_2.5;
T_2.5 ;
    %pop/vec4 1;
    %jmp T_2;
    .thread T_2, $push;
    .scope S_000002cd4922bd20;
T_3 ;
    %pushi/vec4 0, 0, 1;
    %store/vec4 v000002cd4929db60_0, 0, 1;
    %pushi/vec4 0, 0, 1;
    %store/vec4 v000002cd4929d8e0_0, 0, 1;
    %end;
    .thread T_3;
    .scope S_000002cd4922bd20;
T_4 ;
    %delay 5000, 0;
    %load/vec4 v000002cd4929db60_0;
    %inv;
    %store/vec4 v000002cd4929db60_0, 0, 1;
    %jmp T_4;
    .thread T_4;
    .scope S_000002cd4922bd20;
T_5 ;
    %vpi_call 2 25 "$dumpfile", "dump.vcd" {0 0 0};
    %vpi_call 2 26 "$dumpvars", 32'sb00000000000000000000000000000000, S_000002cd4922bd20 {0 0 0};
    %pushi/vec4 1, 0, 1;
    %store/vec4 v000002cd4929d8e0_0, 0, 1;
    %wait E_000002cd4922ce10;
    %wait E_000002cd4922ce10;
    %pushi/vec4 0, 0, 1;
    %store/vec4 v000002cd4929d8e0_0, 0, 1;
    %vpi_call 2 33 "$display", "Starting simulation - prescaler DIV=20 -> tick every 20 clk cycles" {0 0 0};
    %vpi_call 2 34 "$display", "Time\011clk\011tick\011ns_g\011ns_y\011ns_r\011ew_g\011ew_y\011ew_r" {0 0 0};
    %pushi/vec4 840, 0, 32;
T_5.0 %dup/vec4;
    %pushi/vec4 0, 0, 32;
    %cmp/s;
    %jmp/1xz T_5.1, 5;
    %jmp/1 T_5.1, 4;
    %pushi/vec4 1, 0, 32;
    %sub;
    %wait E_000002cd4922ce10;
    %vpi_call 2 39 "$display", "%0t\011%b\011%b\011%b\011%b\011%b\011%b\011%b\011%b", $time, v000002cd4929db60_0, v000002cd4929d980_0, v000002cd4929dc00_0, v000002cd4929da20_0, v000002cd4929d840_0, v000002cd4929d7a0_0, v000002cd4929dfc0_0, v000002cd4929d160_0 {0 0 0};
    %jmp T_5.0;
T_5.1 ;
    %pop/vec4 1;
    %vpi_call 2 42 "$finish" {0 0 0};
    %end;
    .thread T_5;
# The file index is used to find the file name in the following table.
:file_names 5;
    "N/A";
    "<interactive>";
    "tb_traffic_light.v";
    "traffic_light.v";
    "tick_prescaler.v";
