#! /c/Source/iverilog-install/bin/vvp
:ivl_version "12.0 (devel)" "(s20150603-1539-g2693dd32b)";
:ivl_delay_selection "TYPICAL";
:vpi_time_precision - 12;
:vpi_module "C:\iverilog\lib\ivl\system.vpi";
:vpi_module "C:\iverilog\lib\ivl\vhdl_sys.vpi";
:vpi_module "C:\iverilog\lib\ivl\vhdl_textio.vpi";
:vpi_module "C:\iverilog\lib\ivl\v2005_math.vpi";
:vpi_module "C:\iverilog\lib\ivl\va_math.vpi";
S_000001fccc7de010 .scope module, "tb_traffic_light" "tb_traffic_light" 2 2;
 .timescale -9 -12;
v000001fccc823e30_0 .var "clk", 0 0;
v000001fccc8243d0_0 .var/i "cyc", 31 0;
v000001fccc823f70_0 .net "ew_g", 0 0, v000001fccc7f2c30_0;  1 drivers
v000001fccc823ed0_0 .net "ew_r", 0 0, v000001fccc7f2cd0_0;  1 drivers
v000001fccc823bb0_0 .net "ew_y", 0 0, v000001fccc7f2d70_0;  1 drivers
v000001fccc823a70_0 .net "ns_g", 0 0, v000001fccc823480_0;  1 drivers
v000001fccc8241f0_0 .net "ns_r", 0 0, v000001fccc823520_0;  1 drivers
v000001fccc824330_0 .net "ns_y", 0 0, v000001fccc8235c0_0;  1 drivers
v000001fccc823c50_0 .var "rst", 0 0;
v000001fccc824470_0 .var "tick", 0 0;
S_000001fccc7de1a0 .scope module, "dut" "traffic_light" 2 8, 3 1 0, S_000001fccc7de010;
 .timescale -9 -12;
    .port_info 0 /INPUT 1 "clk";
    .port_info 1 /INPUT 1 "rst";
    .port_info 2 /INPUT 1 "tick";
    .port_info 3 /OUTPUT 1 "ns_g";
    .port_info 4 /OUTPUT 1 "ns_y";
    .port_info 5 /OUTPUT 1 "ns_r";
    .port_info 6 /OUTPUT 1 "ew_g";
    .port_info 7 /OUTPUT 1 "ew_y";
    .port_info 8 /OUTPUT 1 "ew_r";
P_000001fccc7f2a60 .param/l "EW_G_T" 0 3 4, +C4<00000000000000000000000000000101>;
P_000001fccc7f2a98 .param/l "EW_Y_T" 0 3 5, +C4<00000000000000000000000000000010>;
P_000001fccc7f2ad0 .param/l "NS_G_T" 0 3 2, +C4<00000000000000000000000000000101>;
P_000001fccc7f2b08 .param/l "NS_Y_T" 0 3 3, +C4<00000000000000000000000000000010>;
P_000001fccc7f2b40 .param/l "S_EW_G" 1 3 16, C4<10>;
P_000001fccc7f2b78 .param/l "S_EW_Y" 1 3 17, C4<11>;
P_000001fccc7f2bb0 .param/l "S_NS_G" 1 3 14, C4<00>;
P_000001fccc7f2be8 .param/l "S_NS_Y" 1 3 15, C4<01>;
v000001fccc7de330_0 .net "clk", 0 0, v000001fccc823e30_0;  1 drivers
v000001fccc7de3d0_0 .var/i "cnt", 31 0;
v000001fccc7f2c30_0 .var "ew_g", 0 0;
v000001fccc7f2cd0_0 .var "ew_r", 0 0;
v000001fccc7f2d70_0 .var "ew_y", 0 0;
v000001fccc7f2e10_0 .var/i "next_cnt", 31 0;
v000001fccc8233e0_0 .var "next_state", 1 0;
v000001fccc823480_0 .var "ns_g", 0 0;
v000001fccc823520_0 .var "ns_r", 0 0;
v000001fccc8235c0_0 .var "ns_y", 0 0;
v000001fccc823660_0 .net "rst", 0 0, v000001fccc823c50_0;  1 drivers
v000001fccc823700_0 .var "state", 1 0;
v000001fccc824290_0 .net "tick", 0 0, v000001fccc824470_0;  1 drivers
E_000001fccc818a10 .event anyedge, v000001fccc823700_0, v000001fccc7de3d0_0, v000001fccc824290_0;
E_000001fccc819250 .event posedge, v000001fccc7de330_0;
    .scope S_000001fccc7de1a0;
T_0 ;
    %wait E_000001fccc819250;
    %load/vec4 v000001fccc823660_0;
    %flag_set/vec4 8;
    %jmp/0xz  T_0.0, 8;
    %pushi/vec4 0, 0, 2;
    %assign/vec4 v000001fccc823700_0, 0;
    %pushi/vec4 0, 0, 32;
    %assign/vec4 v000001fccc7de3d0_0, 0;
    %jmp T_0.1;
T_0.0 ;
    %load/vec4 v000001fccc8233e0_0;
    %assign/vec4 v000001fccc823700_0, 0;
    %load/vec4 v000001fccc7f2e10_0;
    %assign/vec4 v000001fccc7de3d0_0, 0;
T_0.1 ;
    %jmp T_0;
    .thread T_0;
    .scope S_000001fccc7de1a0;
T_1 ;
    %wait E_000001fccc818a10;
    %pushi/vec4 0, 0, 1;
    %store/vec4 v000001fccc823480_0, 0, 1;
    %pushi/vec4 0, 0, 1;
    %store/vec4 v000001fccc8235c0_0, 0, 1;
    %pushi/vec4 0, 0, 1;
    %store/vec4 v000001fccc823520_0, 0, 1;
    %pushi/vec4 0, 0, 1;
    %store/vec4 v000001fccc7f2c30_0, 0, 1;
    %pushi/vec4 0, 0, 1;
    %store/vec4 v000001fccc7f2d70_0, 0, 1;
    %pushi/vec4 0, 0, 1;
    %store/vec4 v000001fccc7f2cd0_0, 0, 1;
    %load/vec4 v000001fccc823700_0;
    %store/vec4 v000001fccc8233e0_0, 0, 2;
    %load/vec4 v000001fccc7de3d0_0;
    %store/vec4 v000001fccc7f2e10_0, 0, 32;
    %load/vec4 v000001fccc823700_0;
    %dup/vec4;
    %pushi/vec4 0, 0, 2;
    %cmp/u;
    %jmp/1 T_1.0, 6;
    %dup/vec4;
    %pushi/vec4 1, 0, 2;
    %cmp/u;
    %jmp/1 T_1.1, 6;
    %dup/vec4;
    %pushi/vec4 2, 0, 2;
    %cmp/u;
    %jmp/1 T_1.2, 6;
    %dup/vec4;
    %pushi/vec4 3, 0, 2;
    %cmp/u;
    %jmp/1 T_1.3, 6;
    %pushi/vec4 0, 0, 2;
    %store/vec4 v000001fccc8233e0_0, 0, 2;
    %pushi/vec4 0, 0, 32;
    %store/vec4 v000001fccc7f2e10_0, 0, 32;
    %jmp T_1.5;
T_1.0 ;
    %pushi/vec4 1, 0, 1;
    %store/vec4 v000001fccc823480_0, 0, 1;
    %pushi/vec4 1, 0, 1;
    %store/vec4 v000001fccc7f2cd0_0, 0, 1;
    %load/vec4 v000001fccc824290_0;
    %flag_set/vec4 8;
    %jmp/0xz  T_1.6, 8;
    %load/vec4 v000001fccc7de3d0_0;
    %cmpi/e 4, 0, 32;
    %jmp/0xz  T_1.8, 4;
    %pushi/vec4 1, 0, 2;
    %store/vec4 v000001fccc8233e0_0, 0, 2;
    %pushi/vec4 0, 0, 32;
    %store/vec4 v000001fccc7f2e10_0, 0, 32;
    %jmp T_1.9;
T_1.8 ;
    %pushi/vec4 0, 0, 2;
    %store/vec4 v000001fccc8233e0_0, 0, 2;
    %load/vec4 v000001fccc7de3d0_0;
    %addi 1, 0, 32;
    %store/vec4 v000001fccc7f2e10_0, 0, 32;
T_1.9 ;
T_1.6 ;
    %jmp T_1.5;
T_1.1 ;
    %pushi/vec4 1, 0, 1;
    %store/vec4 v000001fccc8235c0_0, 0, 1;
    %pushi/vec4 1, 0, 1;
    %store/vec4 v000001fccc7f2cd0_0, 0, 1;
    %load/vec4 v000001fccc824290_0;
    %flag_set/vec4 8;
    %jmp/0xz  T_1.10, 8;
    %load/vec4 v000001fccc7de3d0_0;
    %cmpi/e 1, 0, 32;
    %jmp/0xz  T_1.12, 4;
    %pushi/vec4 2, 0, 2;
    %store/vec4 v000001fccc8233e0_0, 0, 2;
    %pushi/vec4 0, 0, 32;
    %store/vec4 v000001fccc7f2e10_0, 0, 32;
    %jmp T_1.13;
T_1.12 ;
    %pushi/vec4 1, 0, 2;
    %store/vec4 v000001fccc8233e0_0, 0, 2;
    %load/vec4 v000001fccc7de3d0_0;
    %addi 1, 0, 32;
    %store/vec4 v000001fccc7f2e10_0, 0, 32;
T_1.13 ;
T_1.10 ;
    %jmp T_1.5;
T_1.2 ;
    %pushi/vec4 1, 0, 1;
    %store/vec4 v000001fccc7f2c30_0, 0, 1;
    %pushi/vec4 1, 0, 1;
    %store/vec4 v000001fccc823520_0, 0, 1;
    %load/vec4 v000001fccc824290_0;
    %flag_set/vec4 8;
    %jmp/0xz  T_1.14, 8;
    %load/vec4 v000001fccc7de3d0_0;
    %cmpi/e 4, 0, 32;
    %jmp/0xz  T_1.16, 4;
    %pushi/vec4 3, 0, 2;
    %store/vec4 v000001fccc8233e0_0, 0, 2;
    %pushi/vec4 0, 0, 32;
    %store/vec4 v000001fccc7f2e10_0, 0, 32;
    %jmp T_1.17;
T_1.16 ;
    %pushi/vec4 2, 0, 2;
    %store/vec4 v000001fccc8233e0_0, 0, 2;
    %load/vec4 v000001fccc7de3d0_0;
    %addi 1, 0, 32;
    %store/vec4 v000001fccc7f2e10_0, 0, 32;
T_1.17 ;
T_1.14 ;
    %jmp T_1.5;
T_1.3 ;
    %pushi/vec4 1, 0, 1;
    %store/vec4 v000001fccc7f2d70_0, 0, 1;
    %pushi/vec4 1, 0, 1;
    %store/vec4 v000001fccc823520_0, 0, 1;
    %load/vec4 v000001fccc824290_0;
    %flag_set/vec4 8;
    %jmp/0xz  T_1.18, 8;
    %load/vec4 v000001fccc7de3d0_0;
    %cmpi/e 1, 0, 32;
    %jmp/0xz  T_1.20, 4;
    %pushi/vec4 0, 0, 2;
    %store/vec4 v000001fccc8233e0_0, 0, 2;
    %pushi/vec4 0, 0, 32;
    %store/vec4 v000001fccc7f2e10_0, 0, 32;
    %jmp T_1.21;
T_1.20 ;
    %pushi/vec4 3, 0, 2;
    %store/vec4 v000001fccc8233e0_0, 0, 2;
    %load/vec4 v000001fccc7de3d0_0;
    %addi 1, 0, 32;
    %store/vec4 v000001fccc7f2e10_0, 0, 32;
T_1.21 ;
T_1.18 ;
    %jmp T_1.5;
T_1.5 ;
    %pop/vec4 1;
    %jmp T_1;
    .thread T_1, $push;
    .scope S_000001fccc7de010;
T_2 ;
    %pushi/vec4 0, 0, 1;
    %store/vec4 v000001fccc823e30_0, 0, 1;
    %pushi/vec4 0, 0, 1;
    %store/vec4 v000001fccc823c50_0, 0, 1;
    %pushi/vec4 0, 0, 1;
    %store/vec4 v000001fccc824470_0, 0, 1;
    %end;
    .thread T_2;
    .scope S_000001fccc7de010;
T_3 ;
    %delay 5000, 0;
    %load/vec4 v000001fccc823e30_0;
    %inv;
    %store/vec4 v000001fccc823e30_0, 0, 1;
    %jmp T_3;
    .thread T_3;
    .scope S_000001fccc7de010;
T_4 ;
    %pushi/vec4 0, 0, 32;
    %store/vec4 v000001fccc8243d0_0, 0, 32;
    %end;
    .thread T_4;
    .scope S_000001fccc7de010;
T_5 ;
    %wait E_000001fccc819250;
    %load/vec4 v000001fccc8243d0_0;
    %addi 1, 0, 32;
    %store/vec4 v000001fccc8243d0_0, 0, 32;
    %load/vec4 v000001fccc8243d0_0;
    %pushi/vec4 20, 0, 32;
    %mod/s;
    %cmpi/e 0, 0, 32;
    %jmp/0xz  T_5.0, 4;
    %pushi/vec4 1, 0, 1;
    %store/vec4 v000001fccc824470_0, 0, 1;
    %jmp T_5.1;
T_5.0 ;
    %pushi/vec4 0, 0, 1;
    %store/vec4 v000001fccc824470_0, 0, 1;
T_5.1 ;
    %jmp T_5;
    .thread T_5;
    .scope S_000001fccc7de010;
T_6 ;
    %vpi_call 2 27 "$dumpfile", "dump.vcd" {0 0 0};
    %vpi_call 2 28 "$dumpvars", 32'sb00000000000000000000000000000000, S_000001fccc7de010 {0 0 0};
    %pushi/vec4 1, 0, 1;
    %store/vec4 v000001fccc823c50_0, 0, 1;
    %wait E_000001fccc819250;
    %wait E_000001fccc819250;
    %pushi/vec4 0, 0, 1;
    %store/vec4 v000001fccc823c50_0, 0, 1;
    %vpi_call 2 35 "$display", "Starting simulation - watch ns_g/ns_y/ns_r / ew_g/ew_y/ew_r" {0 0 0};
    %pushi/vec4 600, 0, 32;
T_6.0 %dup/vec4;
    %pushi/vec4 0, 0, 32;
    %cmp/s;
    %jmp/1xz T_6.1, 5;
    %jmp/1 T_6.1, 4;
    %pushi/vec4 1, 0, 32;
    %sub;
    %wait E_000001fccc819250;
    %jmp T_6.0;
T_6.1 ;
    %pop/vec4 1;
    %vpi_call 2 37 "$finish" {0 0 0};
    %end;
    .thread T_6;
# The file index is used to find the file name in the following table.
:file_names 4;
    "N/A";
    "<interactive>";
    "tb_traffic_light.v";
    "traffic_light.v";
